<?xml version="1.0" ?>
<!DOCTYPE coverage
  SYSTEM 'http://cobertura.sourceforge.net/xml/coverage-03.dtd'>
<coverage branch-rate="0" line-rate="1" timestamp="1422365174523" version="3.7.1">
  <sources>
    <source>src</source>
  </sources>
  <packages>
    <package branch-rate="0" complexity="0" line-rate="1" name="">
      <classes>
        <class branch-rate="0" complexity="0" filename="prod.py" line-rate="1" name="src/prod">
          <methods/>
          <lines>
            <line hits="1" number="1"/>
          </lines>
        </class>
      </classes>
    </package>
  </packages>
</coverage>
